<?xml version="1.0" encoding="UTF-8"?>
<!-- Generated by org.testng.reporters.JUnitReportReporter -->
<testsuite hostname="DESKTOP-LG2T0TR" failures="0" tests="1" name="testcases.LoginTestCase" time="33.735" errors="0" timestamp="2024-12-15T08:10:21 GMT-08:00" skipped="0">
  <testcase classname="testcases.LoginTestCase" name="testLoginWithValidCredentials" time="33.735"/>
</testsuite> <!-- testcases.LoginTestCase -->
